TN:
SF:/Users/bryan/workspace/personal/tests/ES6-test/app/scripts/main.js
FN:3,(anonymous_1)
FN:3,defineProperties
FN:3,(anonymous_3)
FN:5,_classCallCheck
FN:8,sqrt
FN:14,(anonymous_6)
FN:15,Foo
FN:21,doSomething
FNF:8
FNH:8
FNDA:1,(anonymous_1)
FNDA:1,defineProperties
FNDA:1,(anonymous_3)
FNDA:1,_classCallCheck
FNDA:2,sqrt
FNDA:1,(anonymous_6)
FNDA:1,Foo
FNDA:1,doSomething
DA:3,1
DA:5,1
DA:7,1
DA:9,2
DA:10,1
DA:14,1
DA:15,1
DA:16,1
DA:19,1
DA:22,1
DA:26,1
LF:11
LH:11
BRDA:3,1,0,1
BRDA:3,1,1,1
BRDA:3,2,0,1
BRDA:3,2,1,0
BRDA:3,3,0,1
BRDA:3,3,1,0
BRDA:3,4,0,0
BRDA:3,4,1,1
BRDA:5,5,0,0
BRDA:5,5,1,1
BRDA:9,6,0,1
BRDA:9,6,1,1
BRF:12
BRH:8
end_of_record
